DEBUG:X_O_R:32
DEBUG:X_O_R:32
DEBUG:X_O_R:32
DEBUG:X_O_R:32
DEBUG:X_O_R:32
DEBUG:X_O_R:32
DEBUG:X_O_R:32
DEBUG:X_O_R:(32, ' = p')
2024-01-28 22:24:33,330 DEBUG (32, ' = p')
2024-01-28 22:24:34,984 DEBUG (32, ' = p')
2024-01-30 00:21:36,254 DEBUG (32, ' = p')
2024-02-04 14:40:52,425 DEBUG (32, ' = p')
2024-02-04 14:42:14,547 DEBUG (32, ' = p', '\n')
2024-02-04 14:42:17,849 DEBUG (32, ' = p', '\n')
2024-02-04 14:42:37,114 DEBUG (32, ' = p', '\n')
2024-02-04 14:42:38,414 DEBUG (32, ' = p', '\n')
2024-02-04 14:57:52,174 DEBUG 

2024-02-04 14:57:52,175 DEBUG (32, ' = p', '\n')
2024-02-04 14:58:03,460 DEBUG 

2024-02-04 14:58:03,461 DEBUG (32, ' = p', '\n')
2024-02-04 14:58:05,926 DEBUG 

2024-02-04 14:58:05,926 DEBUG (32, ' = p', '\n')
2024-02-04 14:58:16,807 DEBUG 

2024-02-04 14:58:16,807 DEBUG (32, ' = p', '\n')
2024-02-04 14:58:18,530 DEBUG 

2024-02-04 14:58:18,530 DEBUG (32, ' = p', '\n')
2024-02-04 14:58:53,070 DEBUG 

2024-02-04 14:58:53,070 DEBUG (32, ' = p', '\n')
2024-02-04 14:59:10,135 DEBUG  
2024-02-04 14:59:10,135 DEBUG (32, ' = p', '\n')
2024-02-04 14:59:11,386 DEBUG  
2024-02-04 14:59:11,386 DEBUG (32, ' = p', '\n')
2024-02-04 15:00:08,332 DEBUG  
2024-02-04 15:00:08,332 DEBUG (32, ' = p', '\n')
2024-02-16 20:55:49,529 DEBUG  
2024-02-16 20:55:49,529 DEBUG (32, ' = p', '\n')
2024-02-16 20:56:00,156 DEBUG  
2024-02-16 20:56:00,156 DEBUG (32, ' = p', '\n')
2024-02-16 20:56:05,931 DEBUG  
2024-02-16 20:56:05,931 DEBUG (32, ' = p', '\n')
2024-02-16 20:56:41,424 DEBUG  
2024-02-16 20:56:41,424 DEBUG (32, ' = p', '\n')
2024-02-16 20:57:26,298 DEBUG  
2024-02-16 20:57:26,298 DEBUG (32, ' = p', '\n')
2024-02-16 20:57:28,329 DEBUG  
2024-02-16 20:57:28,330 DEBUG (32, ' = p', '\n')
2024-02-16 20:58:16,910 DEBUG  
2024-02-16 20:58:16,910 DEBUG (32, ' = p /////////////////////////////////////////////////////////////////////////////////////////////////////////////////////////////', '\n')
2024-02-16 20:59:44,413 DEBUG  
2024-02-16 20:59:44,413 DEBUG (32, ' = p /////////////////////////////////////////////////////////////////////////////////////////////////////////////////////////////', '\n')
2024-02-16 21:00:19,826 DEBUG  
2024-02-16 21:00:19,826 DEBUG (32, ' = p /////////////////////////////////////////////////////////////////////////////////////////////////////////////////////////////', '\n')
DEBUG:X_O_R: 
DEBUG:X_O_R:(32, ' = p /////////////////////////////////////////////////////////////////////////////////////////////////////////////////////////////', '\n')
DEBUG:X_O_R: 
DEBUG:X_O_R:(32, ' = p /////////////////////////////////////////////////////////////////////////////////////////////////////////////////////////////', '\n')
DEBUG:X_O_R: 
DEBUG:X_O_R:(32, ' = p /////////////////////////////////////////////////////////////////////////////////////////////////////////////////////////////', '\n')
DEBUG:X_O_R: 
DEBUG:X_O_R:(32, ' = p /////////////////////////////////////////////////////////////////////////////////////////////////////////////////////////////', '\n')
2024-02-16 21:11:51,271 DEBUG  
2024-02-16 21:11:51,271 DEBUG (32, ' = p /////////////////////////////////////////////////////////////////////////////////////////////////////////////////////////////', '\n')
2024-02-16 21:11:57,236 DEBUG  
2024-02-16 21:11:57,236 DEBUG (32, ' = p /////////////////////////////////////////////////////////////////////////////////////////////////////////////////////////////', '\n')
2024-02-16 21:12:44,897 DEBUG  
2024-02-16 21:12:44,897 DEBUG (32, ' = p /////////////////////////////////////////////////////////////////////////////////////////////////////////////////////////////', '\n')
[DEBUG]-X_O_R:   
 File C:\Users\Kirill\PycharmProjects\pythonProject1\logg\log_ging.py, line 37
[DEBUG]-X_O_R: (32, ' = p /////////////////////////////////////////////////////////////////////////////////////////////////////////////////////////////', '\n') 
 File C:\Users\Kirill\PycharmProjects\pythonProject1\logg\log_ging.py, line 38
[DEBUG]-X_O_R:   
 File C:\Users\Kirill\PycharmProjects\pythonProject1\logg\log_ging.py, line 37
[DEBUG]-X_O_R: (32, ' = p /////////////////////////////////////////////////////////////////////////////////////////////////////////////////////////////', '\n') 
 File C:\Users\Kirill\PycharmProjects\pythonProject1\logg\log_ging.py, line 38
[DEBUG]-X_O_R:   File C:\Users\Kirill\PycharmProjects\pythonProject1\logg\log_ging.py, line 37
[DEBUG]-X_O_R: (32, ' = p /////////////////////////////////////////////////////////////////////////////////////////////////////////////////////////////', '\n') File C:\Users\Kirill\PycharmProjects\pythonProject1\logg\log_ging.py, line 38
[DEBUG]-X_O_R:   File C:\Users\Kirill\PycharmProjects\pythonProject1\logg\log_ging.py, line 37
[DEBUG]-X_O_R: (32, ' = p /////////////////////////////////////////////////////////////////////////////////////////////////////////////////////////////', '\n') File C:\Users\Kirill\PycharmProjects\pythonProject1\logg\log_ging.py, line 38
[DEBUG]-X_O_R:   
 File C:\Users\Kirill\PycharmProjects\pythonProject1\logg\log_ging.py, line 37
[DEBUG]-X_O_R: (32, ' = p /////////////////////////////////////////////////////////////////////////////////////////////////////////////////////////////', '\n') 
 File C:\Users\Kirill\PycharmProjects\pythonProject1\logg\log_ging.py, line 38
2024-02-16 21:21:39,760 DEBUG   

2024-02-16 21:21:39,760 DEBUG (32, ' = p /////////////////////////////////////////////////////////////////////////////////////////////////////////////////////////////', '\n') 

2024-02-16 21:21:42,492 DEBUG   

2024-02-16 21:21:42,492 DEBUG (32, ' = p /////////////////////////////////////////////////////////////////////////////////////////////////////////////////////////////', '\n') 

2024-02-16 21:22:26,196 DEBUG 
   
2024-02-16 21:22:26,197 DEBUG 
 (32, ' = p /////////////////////////////////////////////////////////////////////////////////////////////////////////////////////////////', '\n') 
2024-02-16 21:22:42,541 
 DEBUG    
2024-02-16 21:22:42,541 
 DEBUG  (32, ' = p /////////////////////////////////////////////////////////////////////////////////////////////////////////////////////////////', '\n') 
2024-02-16 21:22:49,643 
 DEBUG    
2024-02-16 21:22:49,643 
 DEBUG  (32, ' = p /////////////////////////////////////////////////////////////////////////////////////////////////////////////////////////////', '\n') 
2024-02-16 21:23:06,832  DEBUG    
2024-02-16 21:23:06,832  DEBUG  (32, ' = p /////////////////////////////////////////////////////////////////////////////////////////////////////////////////////////////', '\n') 
2024-02-16 21:23:26,059  DEBUG    
2024-02-16 21:23:26,059  DEBUG  (32, ' = p /////////////////////////////////////////////////////////////////////////////////////////////////////////////////////////////', '\n') 
2024-02-16 21:23:39,528  DEBUG    
2024-02-16 21:23:39,528  DEBUG  (32, ' = p /////////////////////////////////////////////////////////////////////////////////////////////////////////////////////////////', '\n') 
2024-02-16 21:23:58,118  DEBUG    
2024-02-16 21:23:58,119  DEBUG  (32, ' = p /////////////////////////////////////////////////////////////////////////////////////////////////////////////////////////////', '\n') 
2024-02-16 21:24:13,390  DEBUG    
2024-02-16 21:24:13,390  DEBUG  (32, ' = p /////////////////////////////////////////////////////////////////////////////////////////////////////////////////////////////', '\n') 
2024-02-16 21:24:24,014  DEBUG    
2024-02-16 21:24:24,014  DEBUG  (32, ' = p /////////////////////////////////////////////////////////////////////////////////////////////////////////////////////////////', '\n') 
2024-02-16 21:24:36,810  DEBUG    
2024-02-16 21:24:36,810  DEBUG  (32, ' = p /////////////////////////////////////////////////////////////////////////////////////////////////////////////////////////////', '\n') 
2024-02-16 21:24:45,196  DEBUG    
2024-02-16 21:24:45,196  DEBUG  (32, ' = p /////////////////////////////////////////////////////////////////////////////////////////////////////////////////////////////', '\n') 
2024-02-16 21:25:11,468  DEBUG 
    
2024-02-16 21:25:11,468  DEBUG 
  (32, ' = p /////////////////////////////////////////////////////////////////////////////////////////////////////////////////////////////', '\n') 
2024-02-16 21:26:31,303  DEBUG     
2024-02-16 21:26:31,304  DEBUG   (32, ' = p /////////////////////////////////////////////////////////////////////////////////////////////////////////////////////////////', '\n') 
2024-02-16 21:26:57,370  DEBUG     
2024-02-16 21:26:57,371  DEBUG   (32, ' = p /////////////////////////////////////////////////////////////////////////////////////////////////////////////////////////////', '\n') 
 
 2024-02-16 21:27:08,343  DEBUG     
 
 2024-02-16 21:27:08,343  DEBUG   (32, ' = p /////////////////////////////////////////////////////////////////////////////////////////////////////////////////////////////', '\n') 
 2024-02-16 21:27:42,131  DEBUG     end=' ' 
 2024-02-16 21:27:42,131  DEBUG   (32, ' = p /////////////////////////////////////////////////////////////////////////////////////////////////////////////////////////////', '\n') end=' ' 
 2024-02-16 21:28:43,393  DEBUG     
 2024-02-16 21:28:43,393  DEBUG   (32, ' = p /////////////////////////////////////////////////////////////////////////////////////////////////////////////////////////////', '\n') 
 2024-02-16 21:31:06,509  DEBUG     
 2024-02-16 21:31:06,509  DEBUG   (32, ' = p /////////////////////////////////////////////////////////////////////////////////////////////////////////////////////////////', '\n') 
